make --dry-run --always-make --keep-going --print-directory
make: Entering directory '/home/taspon/PSOP_Solver'
g++ -Wall -std=c++14 -pthread -O3 -c src/main.cpp -o obj/main.o 
 
g++ -Wall -std=c++14 -pthread -O3 -c lib/solver.cpp -o obj/solver.o
g++ -Wall -std=c++14 -pthread -O3 -c lib/hash.cpp -o obj/hash.o
g++ -Wall -std=c++14 -pthread -O3 -c lib/hungarian.cpp -o obj/hungarian.o
g++ -Wall -std=c++14 -pthread -O3 -c lib/active_tree.cpp -o obj/active_tree.o
g++ -Wall -std=c++14 -pthread -O3 -c lib/precedence.cpp -o obj/precedence.o
g++ -Wall -std=c++14 -pthread -O3 -c lib/active_allocate.cpp -o obj/active_allocate.o
gcc -O3 -c lib/LKH/Activate.c -o obj/Activate.o
gcc -O3 -c lib/LKH/AddCandidate.c -o obj/AddCandidate.o
 
gcc -O3 -c lib/LKH/AddExtraCandidates.c -o obj/AddExtraCandidates.o
gcc -O3 -c lib/LKH/AddTourCandidates.c -o obj/AddTourCandidates.o
 
gcc -O3 -c lib/LKH/AdjustCandidateSet.c -o obj/AdjustCandidateSet.o
 
gcc -O3 -c lib/LKH/AdjustClusters.c -o obj/AdjustClusters.o
gcc -O3 -c lib/LKH/AllocateStructures.c -o obj/AllocateStructures.o
 
gcc -O3 -c lib/LKH/Ascent.c -o obj/Ascent.o
gcc -O3 -c lib/LKH/Best2OptMove.c -o obj/Best2OptMove.o
 
gcc -O3 -c lib/LKH/Best3OptMove.c -o obj/Best3OptMove.o
gcc -O3 -c lib/LKH/Best4OptMove.c -o obj/Best4OptMove.o
 
gcc -O3 -c lib/LKH/Best5OptMove.c -o obj/Best5OptMove.o
gcc -O3 -c lib/LKH/BestKOptMove.c -o obj/BestKOptMove.o
 
gcc -O3 -c lib/LKH/BestSpecialOptMove.c -o obj/BestSpecialOptMove.o
gcc -O3 -c lib/LKH/Between.c -o obj/Between.o
gcc -O3 -c lib/LKH/Between_SL.c -o obj/Between_SL.o
gcc -O3 -c lib/LKH/Between_SSL.c -o obj/Between_SSL.o
 
gcc -O3 -c lib/LKH/BridgeGain.c -o obj/BridgeGain.o
gcc -O3 -c lib/LKH/BuildKDTree.c -o obj/BuildKDTree.o
 
gcc -O3 -c lib/LKH/C.c -o obj/C.o
 
gcc -O3 -c lib/LKH/CandidateReport.c -o obj/CandidateReport.o
gcc -O3 -c lib/LKH/ChooseInitialTour.c -o obj/ChooseInitialTour.o
 
gcc -O3 -c lib/LKH/Connect.c -o obj/Connect.o
gcc -O3 -c lib/LKH/CreateCandidateSet.c -o obj/CreateCandidateSet.o
gcc -O3 -c lib/LKH/CreateDelaunayCandidateSet.c -o obj/CreateDelaunayCandidateSet.o
 
gcc -O3 -c lib/LKH/CreateNNCandidateSet.c -o obj/CreateNNCandidateSet.o
 
gcc -O3 -c lib/LKH/Create_POPMUSIC_CandidateSet.c -o obj/Create_POPMUSIC_CandidateSet.o
gcc -O3 -c lib/LKH/CreateQuadrantCandidateSet.c -o obj/CreateQuadrantCandidateSet.o
 
gcc -O3 -c lib/LKH/CTSP_InitialTour.c -o obj/CTSP_InitialTour.o
 
gcc -O3 -c lib/LKH/CVRP_InitialTour.c -o obj/CVRP_InitialTour.o
 
gcc -O3 -c lib/LKH/Delaunay.c -o obj/Delaunay.o
gcc -O3 -c lib/LKH/Distance.c -o obj/Distance.o
 
gcc -O3 -c lib/LKH/Distance_MTSP.c -o obj/Distance_MTSP.o
 
gcc -O3 -c lib/LKH/Distance_SOP.c -o obj/Distance_SOP.o
gcc -O3 -c lib/LKH/Distance_SPECIAL.c -o obj/Distance_SPECIAL.o
 
gcc -O3 -c lib/LKH/eprintf.c -o obj/eprintf.o
 
gcc -O3 -c lib/LKH/ERXT.c -o obj/ERXT.o
 
gcc -O3 -c lib/LKH/Excludable.c -o obj/Excludable.o
gcc -O3 -c lib/LKH/Exclude.c -o obj/Exclude.o
gcc -O3 -c lib/LKH/FindTour.c -o obj/FindTour.o
 
gcc -O3 -c lib/LKH/FixedOrCommonCandidates.c -o obj/FixedOrCommonCandidates.o
gcc -O3 -c lib/LKH/Flip.c -o obj/Flip.o
 
gcc -O3 -c lib/LKH/Flip_SL.c -o obj/Flip_SL.o
gcc -O3 -c lib/LKH/Flip_SSL.c -o obj/Flip_SSL.o
 
gcc -O3 -c lib/LKH/Forbidden.c -o obj/Forbidden.o
 
gcc -O3 -c lib/LKH/FreeStructures.c -o obj/FreeStructures.o
 
gcc -O3 -c lib/LKH/fscanint.c -o obj/fscanint.o
gcc -O3 -c lib/LKH/Gain23.c -o obj/Gain23.o
 
gcc -O3 -c lib/LKH/GenerateCandidates.c -o obj/GenerateCandidates.o
 
gcc -O3 -c lib/LKH/Genetic.c -o obj/Genetic.o
 
gcc -O3 -c lib/LKH/GeoConversion.c -o obj/GeoConversion.o
gcc -O3 -c lib/LKH/GetTime.c -o obj/GetTime.o
 
gcc -O3 -c lib/LKH/GreedyTour.c -o obj/GreedyTour.o
 
gcc -O3 -c lib/LKH/Hashing.c -o obj/Hashing.o
 
gcc -O3 -c lib/LKH/Heap.c -o obj/Heap.o
gcc -O3 -c lib/LKH/Improvement.c -o obj/Improvement.o
 
gcc -O3 -c lib/LKH/IsBackboneCandidate.c -o obj/IsBackboneCandidate.o
 
gcc -O3 -c lib/LKH/IsCandidate.c -o obj/IsCandidate.o
 
gcc -O3 -c lib/LKH/IsCommonEdge.c -o obj/IsCommonEdge.o
 
gcc -O3 -c lib/LKH/IsPossibleCandidate.c -o obj/IsPossibleCandidate.o
gcc -O3 -c lib/LKH/KSwapKick.c -o obj/KSwapKick.o
 
gcc -O3 -c lib/LKH/LinKernighan.c -o obj/LinKernighan.o
 
gcc -O3 -c lib/LKH/LKHmain.c -o obj/LKHmain.o
gcc -O3 -c lib/LKH/Make2OptMove.c -o obj/Make2OptMove.o
 
gcc -O3 -c lib/LKH/Make3OptMove.c -o obj/Make3OptMove.o
 
gcc -O3 -c lib/LKH/Make4OptMove.c -o obj/Make4OptMove.o
 
gcc -O3 -c lib/LKH/Make5OptMove.c -o obj/Make5OptMove.o
gcc -O3 -c lib/LKH/MakeKOptMove.c -o obj/MakeKOptMove.o
 
gcc -O3 -c lib/LKH/MergeTourWithBestTour.c -o obj/MergeTourWithBestTour.o
 
gcc -O3 -c lib/LKH/MergeWithTourIPT.c -o obj/MergeWithTourIPT.o
 
gcc -O3 -c lib/LKH/Minimum1TreeCost.c -o obj/Minimum1TreeCost.o
 
gcc -O3 -c lib/LKH/MinimumSpanningTree.c -o obj/MinimumSpanningTree.o
gcc -O3 -c lib/LKH/MTSP2TSP.c -o obj/MTSP2TSP.o
 
gcc -O3 -c lib/LKH/MTSP_InitialTour.c -o obj/MTSP_InitialTour.o
 
gcc -O3 -c lib/LKH/MTSP_Report.c -o obj/MTSP_Report.o
 
gcc -O3 -c lib/LKH/MTSP_WriteSolution.c -o obj/MTSP_WriteSolution.o
gcc -O3 -c lib/LKH/NormalizeNodeList.c -o obj/NormalizeNodeList.o
 
gcc -O3 -c lib/LKH/NormalizeSegmentList.c -o obj/NormalizeSegmentList.o
 
gcc -O3 -c lib/LKH/OrderCandidateSet.c -o obj/OrderCandidateSet.o
gcc -O3 -c lib/LKH/PatchCycles.c -o obj/PatchCycles.o
 
gcc -O3 -c lib/LKH/Penalty_ACVRP.c -o obj/Penalty_ACVRP.o
 
gcc -O3 -c lib/LKH/Penalty_BWTSP.c -o obj/Penalty_BWTSP.o
 
gcc -O3 -c lib/LKH/Penalty_CCVRP.c -o obj/Penalty_CCVRP.o
gcc -O3 -c lib/LKH/Penalty_CVRP.c -o obj/Penalty_CVRP.o
 
gcc -O3 -c lib/LKH/Penalty_CVRPTW.c -o obj/Penalty_CVRPTW.o
 
gcc -O3 -c lib/LKH/Penalty_CTSP.c -o obj/Penalty_CTSP.o
 
gcc -O3 -c lib/LKH/Penalty_1_PDTSP.c -o obj/Penalty_1_PDTSP.o
gcc -O3 -c lib/LKH/Penalty_MLP.c -o obj/Penalty_MLP.o
 
gcc -O3 -c lib/LKH/Penalty_M_PDTSP.c -o obj/Penalty_M_PDTSP.o
 
gcc -O3 -c lib/LKH/Penalty_M1_PDTSP.c -o obj/Penalty_M1_PDTSP.o
gcc -O3 -c lib/LKH/Penalty_MTSP.c -o obj/Penalty_MTSP.o
 
gcc -O3 -c lib/LKH/Penalty_OVRP.c -o obj/Penalty_OVRP.o
 
gcc -O3 -c lib/LKH/Penalty_PDPTW.c -o obj/Penalty_PDPTW.o
gcc -O3 -c lib/LKH/Penalty_PDTSP.c -o obj/Penalty_PDTSP.o
 
gcc -O3 -c lib/LKH/Penalty_PDTSPF.c -o obj/Penalty_PDTSPF.o
 
gcc -O3 -c lib/LKH/Penalty_PDTSPL.c -o obj/Penalty_PDTSPL.o
 
gcc -O3 -c lib/LKH/Penalty_RCTVRP.c -o obj/Penalty_RCTVRP.o
gcc -O3 -c lib/LKH/Penalty_SOP.c -o obj/Penalty_SOP.o
 
gcc -O3 -c lib/LKH/Penalty_TRP.c -o obj/Penalty_TRP.o
 
gcc -O3 -c lib/LKH/Penalty_TSPDL.c -o obj/Penalty_TSPDL.o
 
gcc -O3 -c lib/LKH/Penalty_TSPPD.c -o obj/Penalty_TSPPD.o
gcc -O3 -c lib/LKH/Penalty_TSPTW.c -o obj/Penalty_TSPTW.o
 
gcc -O3 -c lib/LKH/Penalty_VRPB.c -o obj/Penalty_VRPB.o
 
gcc -O3 -c lib/LKH/Penalty_VRPBTW.c -o obj/Penalty_VRPBTW.o
 
gcc -O3 -c lib/LKH/Penalty_VRPPD.c -o obj/Penalty_VRPPD.o
 
gcc -O3 -c lib/LKH/PDPTW_Reduce.c -o obj/PDPTW_Reduce.o
 
gcc -O3 -c lib/LKH/printff.c -o obj/printff.o
 
gcc -O3 -c lib/LKH/PrintParameters.c -o obj/PrintParameters.o
gcc -O3 -c lib/LKH/Random.c -o obj/Random.o
 
gcc -O3 -c lib/LKH/ReadCandidates.c -o obj/ReadCandidates.o
 
gcc -O3 -c lib/LKH/ReadEdges.c -o obj/ReadEdges.o
 
gcc -O3 -c lib/LKH/ReadLine.c -o obj/ReadLine.o
 
gcc -O3 -c lib/LKH/ReadParameters.c -o obj/ReadParameters.o
gcc -O3 -c lib/LKH/ReadPenalties.c -o obj/ReadPenalties.o
 
gcc -O3 -c lib/LKH/ReadProblem.c -o obj/ReadProblem.o
 
gcc -O3 -c lib/LKH/RecordBestTour.c -o obj/RecordBestTour.o
 
gcc -O3 -c lib/LKH/RecordBetterTour.c -o obj/RecordBetterTour.o
gcc -O3 -c lib/LKH/RemoveFirstActive.c -o obj/RemoveFirstActive.o
 
gcc -O3 -c lib/LKH/ResetCandidateSet.c -o obj/ResetCandidateSet.o
 
gcc -O3 -c lib/LKH/RestoreTour.c -o obj/RestoreTour.o
 
gcc -O3 -c lib/LKH/SegmentSize.c -o obj/SegmentSize.o
 
gcc -O3 -c lib/LKH/Sequence.c -o obj/Sequence.o
 
gcc -O3 -c lib/LKH/SFCTour.c -o obj/SFCTour.o
 
gcc -O3 -c lib/LKH/SolveCompressedSubproblem.c -o obj/SolveCompressedSubproblem.o
gcc -O3 -c lib/LKH/SINTEF_WriteSolution.c -o obj/SINTEF_WriteSolution.o
 
gcc -O3 -c lib/LKH/SOP_RepairTour.c -o obj/SOP_RepairTour.o
 
gcc -O3 -c lib/LKH/STTSP2TSP.c -o obj/STTSP2TSP.o
 
gcc -O3 -c lib/LKH/SolveDelaunaySubproblems.c -o obj/SolveDelaunaySubproblems.o
 
gcc -O3 -c lib/LKH/SolveKarpSubproblems.c -o obj/SolveKarpSubproblems.o
 
gcc -O3 -c lib/LKH/SolveKCenterSubproblems.c -o obj/SolveKCenterSubproblems.o
gcc -O3 -c lib/LKH/SolveKMeansSubproblems.c -o obj/SolveKMeansSubproblems.o
 
gcc -O3 -c lib/LKH/SolveRoheSubproblems.c -o obj/SolveRoheSubproblems.o
 
gcc -O3 -c lib/LKH/SolveSFCSubproblems.c -o obj/SolveSFCSubproblems.o
 
gcc -O3 -c lib/LKH/SolveSubproblem.c -o obj/SolveSubproblem.o
 
gcc -O3 -c lib/LKH/SolveSubproblemBorderProblems.c -o obj/SolveSubproblemBorderProblems.o
 
gcc -O3 -c lib/LKH/SolveTourSegmentSubproblems.c -o obj/SolveTourSegmentSubproblems.o
 
gcc -O3 -c lib/LKH/SOP_InitialTour.c -o obj/SOP_InitialTour.o
gcc -O3 -c lib/LKH/SOP_Report.c -o obj/SOP_Report.o
 
gcc -O3 -c lib/LKH/StatusReport.c -o obj/StatusReport.o
 
gcc -O3 -c lib/LKH/Statistics.c -o obj/Statistics.o
 
gcc -O3 -c lib/LKH/StoreTour.c -o obj/StoreTour.o
 
gcc -O3 -c lib/LKH/SymmetrizeCandidateSet.c -o obj/SymmetrizeCandidateSet.o
gcc -O3 -c lib/LKH/TrimCandidateSet.c -o obj/TrimCandidateSet.o
 
gcc -O3 -c lib/LKH/TSPDL_InitialTour.c -o obj/TSPDL_InitialTour.o
 
gcc -O3 -c lib/LKH/TSPTW_MakespanCost.c -o obj/TSPTW_MakespanCost.o
 
gcc -O3 -c lib/LKH/TSPTW_Reduce.c -o obj/TSPTW_Reduce.o
 
gcc -O3 -c lib/LKH/VRPB_Reduce.c -o obj/VRPB_Reduce.o
gcc -O3 -c lib/LKH/BIT.c -o obj/BIT.o
 
gcc -O3 -c lib/LKH/WriteCandidates.c -o obj/WriteCandidates.o
 
gcc -O3 -c lib/LKH/WritePenalties.c -o obj/WritePenalties.o
 
gcc -O3 -c lib/LKH/WriteTour.c -o obj/WriteTour.o
 
gcc -O3 -c lib/LKH/MergeWithTourGPX2.c -o obj/MergeWithTourGPX2.o
gcc -O3 -c lib/LKH/gpx.c -o obj/gpx.o
 
gcc -O3 -c lib/LKH/LKH.c -o obj/LKH.o
 
g++ -Wall -std=c++14 -pthread -O3 -o sop_solver obj/main.o obj/solver.o obj/hash.o obj/hungarian.o obj/active_tree.o obj/precedence.o obj/active_allocate.o obj/Activate.o obj/AddCandidate.o obj/AddExtraCandidates.o obj/AddTourCandidates.o obj/AdjustCandidateSet.o obj/AdjustClusters.o obj/AllocateStructures.o obj/Ascent.o obj/Best2OptMove.o obj/Best3OptMove.o obj/Best4OptMove.o obj/Best5OptMove.o obj/BestKOptMove.o obj/BestSpecialOptMove.o obj/Between.o obj/Between_SL.o obj/Between_SSL.o obj/BridgeGain.o obj/BuildKDTree.o obj/C.o obj/CandidateReport.o obj/ChooseInitialTour.o obj/Connect.o obj/CreateCandidateSet.o obj/CreateDelaunayCandidateSet.o obj/CreateNNCandidateSet.o obj/Create_POPMUSIC_CandidateSet.o obj/CreateQuadrantCandidateSet.o obj/CTSP_InitialTour.o obj/CVRP_InitialTour.o obj/Delaunay.o obj/Distance.o obj/Distance_MTSP.o obj/Distance_SOP.o obj/Distance_SPECIAL.o obj/eprintf.o obj/ERXT.o obj/Excludable.o obj/Exclude.o obj/FindTour.o obj/FixedOrCommonCandidates.o obj/Flip.o obj/Flip_SL.o obj/Flip_SSL.o obj/Forbidden.o obj/FreeStructures.o obj/fscanint.o obj/Gain23.o obj/GenerateCandidates.o obj/Genetic.o obj/GeoConversion.o obj/GetTime.o obj/GreedyTour.o obj/Hashing.o obj/Heap.o obj/Improvement.o obj/IsBackboneCandidate.o obj/IsCandidate.o obj/IsCommonEdge.o obj/IsPossibleCandidate.o obj/KSwapKick.o obj/LinKernighan.o obj/LKHmain.o obj/Make2OptMove.o obj/Make3OptMove.o obj/Make4OptMove.o obj/Make5OptMove.o obj/MakeKOptMove.o obj/MergeTourWithBestTour.o obj/MergeWithTourIPT.o obj/Minimum1TreeCost.o obj/MinimumSpanningTree.o obj/MTSP2TSP.o obj/MTSP_InitialTour.o obj/MTSP_Report.o obj/MTSP_WriteSolution.o obj/NormalizeNodeList.o obj/NormalizeSegmentList.o obj/OrderCandidateSet.o obj/PatchCycles.o obj/Penalty_ACVRP.o obj/Penalty_BWTSP.o obj/Penalty_CCVRP.o obj/Penalty_CVRP.o obj/Penalty_CVRPTW.o obj/Penalty_CTSP.o obj/Penalty_1_PDTSP.o obj/Penalty_MLP.o obj/Penalty_M_PDTSP.o obj/Penalty_M1_PDTSP.o obj/Penalty_MTSP.o obj/Penalty_OVRP.o obj/Penalty_PDPTW.o obj/Penalty_PDTSP.o obj/Penalty_PDTSPF.o obj/Penalty_PDTSPL.o obj/Penalty_RCTVRP.o obj/Penalty_SOP.o obj/Penalty_TRP.o obj/Penalty_TSPDL.o obj/Penalty_TSPPD.o obj/Penalty_TSPTW.o obj/Penalty_VRPB.o obj/Penalty_VRPBTW.o obj/Penalty_VRPPD.o obj/PDPTW_Reduce.o obj/printff.o obj/PrintParameters.o obj/Random.o obj/ReadCandidates.o obj/ReadEdges.o obj/ReadLine.o obj/ReadParameters.o obj/ReadPenalties.o obj/ReadProblem.o obj/RecordBestTour.o obj/RecordBetterTour.o obj/RemoveFirstActive.o obj/ResetCandidateSet.o obj/RestoreTour.o obj/SegmentSize.o obj/Sequence.o obj/SFCTour.o obj/SolveCompressedSubproblem.o obj/SINTEF_WriteSolution.o obj/SOP_RepairTour.o obj/STTSP2TSP.o obj/SolveDelaunaySubproblems.o obj/SolveKarpSubproblems.o obj/SolveKCenterSubproblems.o obj/SolveKMeansSubproblems.o obj/SolveRoheSubproblems.o obj/SolveSFCSubproblems.o obj/SolveSubproblem.o obj/SolveSubproblemBorderProblems.o obj/SolveTourSegmentSubproblems.o obj/SOP_InitialTour.o obj/SOP_Report.o obj/StatusReport.o obj/Statistics.o obj/StoreTour.o obj/SymmetrizeCandidateSet.o obj/TrimCandidateSet.o obj/TSPDL_InitialTour.o obj/TSPTW_MakespanCost.o obj/TSPTW_Reduce.o obj/VRPB_Reduce.o obj/BIT.o obj/WriteCandidates.o obj/WritePenalties.o obj/WriteTour.o obj/MergeWithTourGPX2.o obj/gpx.o obj/LKH.o
make: Leaving directory '/home/taspon/PSOP_Solver'
 
